0 info it worked if it ends with ok
1 verbose cli [ '/usr/bin/node', '/usr/bin/npm', 'publish' ]
2 info using npm@1.4.28
3 info using node@v0.10.40
4 verbose publish [ '.' ]
5 verbose cache add [ '.', null ]
6 verbose cache add name=undefined spec="." args=[".",null]
7 verbose parsed url { protocol: null,
7 verbose parsed url   slashes: null,
7 verbose parsed url   auth: null,
7 verbose parsed url   host: null,
7 verbose parsed url   port: null,
7 verbose parsed url   hostname: null,
7 verbose parsed url   hash: null,
7 verbose parsed url   search: null,
7 verbose parsed url   query: null,
7 verbose parsed url   pathname: '.',
7 verbose parsed url   path: '.',
7 verbose parsed url   href: '.' }
8 silly lockFile 3a52ce78- .
9 verbose lock . /home/charnsit/.npm/3a52ce78-.lock
10 verbose tar pack [ '/home/charnsit/.npm/starwars-names/1.0.0/package.tgz', '.' ]
11 verbose tarball /home/charnsit/.npm/starwars-names/1.0.0/package.tgz
12 verbose folder .
13 info prepublish starwars-names@1.0.0
14 silly lockFile 1f1177db-tar tar://.
15 verbose lock tar://. /home/charnsit/.npm/1f1177db-tar.lock
16 silly lockFile 05fe704e-starwars-names-1-0-0-package-tgz tar:///home/charnsit/.npm/starwars-names/1.0.0/package.tgz
17 verbose lock tar:///home/charnsit/.npm/starwars-names/1.0.0/package.tgz /home/charnsit/.npm/05fe704e-starwars-names-1-0-0-package-tgz.lock
18 silly lockFile 1f1177db-tar tar://.
19 silly lockFile 1f1177db-tar tar://.
20 silly lockFile 05fe704e-starwars-names-1-0-0-package-tgz tar:///home/charnsit/.npm/starwars-names/1.0.0/package.tgz
21 silly lockFile 05fe704e-starwars-names-1-0-0-package-tgz tar:///home/charnsit/.npm/starwars-names/1.0.0/package.tgz
22 silly lockFile 6b66badf-npm-starwars-names-1-0-0-package /home/charnsit/.npm/starwars-names/1.0.0/package
23 verbose lock /home/charnsit/.npm/starwars-names/1.0.0/package /home/charnsit/.npm/6b66badf-npm-starwars-names-1-0-0-package.lock
24 silly lockFile 6b66badf-npm-starwars-names-1-0-0-package /home/charnsit/.npm/starwars-names/1.0.0/package
25 silly lockFile 6b66badf-npm-starwars-names-1-0-0-package /home/charnsit/.npm/starwars-names/1.0.0/package
26 silly lockFile 3a52ce78- .
27 silly lockFile 3a52ce78- .
28 silly publish { name: 'starwars-names',
28 silly publish   version: '1.0.0',
28 silly publish   description: 'Get random Star Wars names',
28 silly publish   main: 'src/index.js',
28 silly publish   scripts: { test: 'echo "Error: no test specified" && exit 1' },
28 silly publish   repository:
28 silly publish    { type: 'git',
28 silly publish      url: 'https://github.com/Charnsit/starwars-names.git' },
28 silly publish   keywords: [ 'random', 'star', 'wars' ],
28 silly publish   author: { name: 'Charnsit L' },
28 silly publish   license: 'ISC',
28 silly publish   bugs: { url: 'https://github.com/Charnsit/starwars-names/issues' },
28 silly publish   homepage: 'https://github.com/Charnsit/starwars-names',
28 silly publish   dependencies: { 'unique-random-array': '1.0.0' },
28 silly publish   readme: '# starwars-names\n',
28 silly publish   readmeFilename: 'README.md',
28 silly publish   gitHead: '5752d8412dd45e121e43dad0d4452696055fcf55',
28 silly publish   _id: 'starwars-names@1.0.0',
28 silly publish   _shasum: 'dff09b3732719543c8b005adeb868e789a6ffb2d',
28 silly publish   _from: '.' }
29 verbose request where is /starwars-names
30 verbose request registry https://registry.npmjs.org/
31 verbose request id dbe7de5727fd5deb
32 verbose url raw /starwars-names
33 verbose url resolving [ 'https://registry.npmjs.org/', './starwars-names' ]
34 verbose url resolved https://registry.npmjs.org/starwars-names
35 verbose request where is https://registry.npmjs.org/starwars-names
36 info trying registry request attempt 1 at 18:42:58
37 http PUT https://registry.npmjs.org/starwars-names
38 http 403 https://registry.npmjs.org/starwars-names
39 verbose headers { 'content-type': 'application/json',
39 verbose headers   'cache-control': 'max-age=60',
39 verbose headers   'content-length': '106',
39 verbose headers   'accept-ranges': 'bytes',
39 verbose headers   date: 'Tue, 25 Aug 2015 11:42:59 GMT',
39 verbose headers   via: '1.1 varnish',
39 verbose headers   connection: 'keep-alive',
39 verbose headers   'x-served-by': 'cache-sin6921-SIN',
39 verbose headers   'x-cache': 'MISS',
39 verbose headers   'x-cache-hits': '0',
39 verbose headers   'x-timer': 'S1440502978.973755,VS0,VE856' }
40 error publish Failed PUT 403
41 error Error: You do not have permission to publish 'starwars-names'. Are you logged in as the correct user? : starwars-names
41 error     at RegClient.<anonymous> (/usr/lib/node_modules/npm/node_modules/npm-registry-client/lib/request.js:308:14)
41 error     at Request._callback (/usr/lib/node_modules/npm/node_modules/npm-registry-client/lib/request.js:246:65)
41 error     at Request.self.callback (/usr/lib/node_modules/npm/node_modules/request/request.js:236:22)
41 error     at Request.emit (events.js:98:17)
41 error     at Request.<anonymous> (/usr/lib/node_modules/npm/node_modules/request/request.js:1142:14)
41 error     at Request.emit (events.js:117:20)
41 error     at IncomingMessage.<anonymous> (/usr/lib/node_modules/npm/node_modules/request/request.js:1096:12)
41 error     at IncomingMessage.emit (events.js:117:20)
41 error     at _stream_readable.js:944:16
41 error     at process._tickCallback (node.js:448:13)
42 error If you need help, you may report this *entire* log,
42 error including the npm and node versions, at:
42 error     <http://github.com/npm/npm/issues>
43 error System Linux 3.10.0-229.11.1.el7.x86_64
44 error command "/usr/bin/node" "/usr/bin/npm" "publish"
45 error cwd /home/charnsit/Tutorials/EggHeadIO/JS_Library/starwars-names
46 error node -v v0.10.40
47 error npm -v 1.4.28
48 verbose exit [ 1, true ]
